  main.cpp
c:\users\dan\dropbox\concordia\9 - summer 2020\comp 371 - computer graphics\assignment 2 - 24 jul 2020\comp-371-project\assignment-2\assignment 2\main.cpp(521): warning C4244: 'initializing': conversion from 'double' to 'float', possible loss of data
c:\users\dan\dropbox\concordia\9 - summer 2020\comp 371 - computer graphics\assignment 2 - 24 jul 2020\comp-371-project\assignment-2\assignment 2\main.cpp(545): warning C4091: 'typedef ': ignored on left of 'main::ModelParameters' when no variable is declared
c:\users\dan\dropbox\concordia\9 - summer 2020\comp 371 - computer graphics\assignment 2 - 24 jul 2020\comp-371-project\assignment-2\assignment 2\main.cpp(589): warning C4244: '=': conversion from 'double' to 'float', possible loss of data
c:\users\dan\dropbox\concordia\9 - summer 2020\comp 371 - computer graphics\assignment 2 - 24 jul 2020\comp-371-project\assignment-2\assignment 2\main.cpp(749): warning C4244: '-=': conversion from 'double' to 'float', possible loss of data
c:\users\dan\dropbox\concordia\9 - summer 2020\comp 371 - computer graphics\assignment 2 - 24 jul 2020\comp-371-project\assignment-2\assignment 2\main.cpp(750): warning C4244: '-=': conversion from 'double' to 'float', possible loss of data
c:\users\dan\dropbox\concordia\9 - summer 2020\comp 371 - computer graphics\assignment 2 - 24 jul 2020\comp-371-project\assignment-2\assignment 2\main.cpp(994): warning C4244: '=': conversion from 'double' to 'float', possible loss of data
c:\users\dan\dropbox\concordia\9 - summer 2020\comp 371 - computer graphics\assignment 2 - 24 jul 2020\comp-371-project\assignment-2\assignment 2\main.cpp(1007): warning C4244: '=': conversion from 'double' to 'float', possible loss of data
glad.obj : warning LNK4099: PDB 'vc141.pdb' was not found with 'glad.obj' or at 'C:\Users\Dan\Dropbox\Concordia\9 - Summer 2020\COMP 371 - Computer Graphics\Assignment 2 - 24 jul 2020\COMP-371-Project\Assignment-2\x64\Debug\vc141.pdb'; linking object as if no debug info
glfw3.lib(context.obj) : warning LNK4099: PDB 'glfw.pdb' was not found with 'glfw3.lib(context.obj)' or at 'C:\Users\Dan\Dropbox\Concordia\9 - Summer 2020\COMP 371 - Computer Graphics\Assignment 2 - 24 jul 2020\COMP-371-Project\Assignment-2\x64\Debug\glfw.pdb'; linking object as if no debug info
glfw3.lib(init.obj) : warning LNK4099: PDB 'glfw.pdb' was not found with 'glfw3.lib(init.obj)' or at 'C:\Users\Dan\Dropbox\Concordia\9 - Summer 2020\COMP 371 - Computer Graphics\Assignment 2 - 24 jul 2020\COMP-371-Project\Assignment-2\x64\Debug\glfw.pdb'; linking object as if no debug info
glfw3.lib(input.obj) : warning LNK4099: PDB 'glfw.pdb' was not found with 'glfw3.lib(input.obj)' or at 'C:\Users\Dan\Dropbox\Concordia\9 - Summer 2020\COMP 371 - Computer Graphics\Assignment 2 - 24 jul 2020\COMP-371-Project\Assignment-2\x64\Debug\glfw.pdb'; linking object as if no debug info
glfw3.lib(monitor.obj) : warning LNK4099: PDB 'glfw.pdb' was not found with 'glfw3.lib(monitor.obj)' or at 'C:\Users\Dan\Dropbox\Concordia\9 - Summer 2020\COMP 371 - Computer Graphics\Assignment 2 - 24 jul 2020\COMP-371-Project\Assignment-2\x64\Debug\glfw.pdb'; linking object as if no debug info
glfw3.lib(vulkan.obj) : warning LNK4099: PDB 'glfw.pdb' was not found with 'glfw3.lib(vulkan.obj)' or at 'C:\Users\Dan\Dropbox\Concordia\9 - Summer 2020\COMP 371 - Computer Graphics\Assignment 2 - 24 jul 2020\COMP-371-Project\Assignment-2\x64\Debug\glfw.pdb'; linking object as if no debug info
glfw3.lib(window.obj) : warning LNK4099: PDB 'glfw.pdb' was not found with 'glfw3.lib(window.obj)' or at 'C:\Users\Dan\Dropbox\Concordia\9 - Summer 2020\COMP 371 - Computer Graphics\Assignment 2 - 24 jul 2020\COMP-371-Project\Assignment-2\x64\Debug\glfw.pdb'; linking object as if no debug info
glfw3.lib(win32_init.obj) : warning LNK4099: PDB 'glfw.pdb' was not found with 'glfw3.lib(win32_init.obj)' or at 'C:\Users\Dan\Dropbox\Concordia\9 - Summer 2020\COMP 371 - Computer Graphics\Assignment 2 - 24 jul 2020\COMP-371-Project\Assignment-2\x64\Debug\glfw.pdb'; linking object as if no debug info
glfw3.lib(win32_joystick.obj) : warning LNK4099: PDB 'glfw.pdb' was not found with 'glfw3.lib(win32_joystick.obj)' or at 'C:\Users\Dan\Dropbox\Concordia\9 - Summer 2020\COMP 371 - Computer Graphics\Assignment 2 - 24 jul 2020\COMP-371-Project\Assignment-2\x64\Debug\glfw.pdb'; linking object as if no debug info
glfw3.lib(win32_monitor.obj) : warning LNK4099: PDB 'glfw.pdb' was not found with 'glfw3.lib(win32_monitor.obj)' or at 'C:\Users\Dan\Dropbox\Concordia\9 - Summer 2020\COMP 371 - Computer Graphics\Assignment 2 - 24 jul 2020\COMP-371-Project\Assignment-2\x64\Debug\glfw.pdb'; linking object as if no debug info
glfw3.lib(win32_time.obj) : warning LNK4099: PDB 'glfw.pdb' was not found with 'glfw3.lib(win32_time.obj)' or at 'C:\Users\Dan\Dropbox\Concordia\9 - Summer 2020\COMP 371 - Computer Graphics\Assignment 2 - 24 jul 2020\COMP-371-Project\Assignment-2\x64\Debug\glfw.pdb'; linking object as if no debug info
glfw3.lib(win32_thread.obj) : warning LNK4099: PDB 'glfw.pdb' was not found with 'glfw3.lib(win32_thread.obj)' or at 'C:\Users\Dan\Dropbox\Concordia\9 - Summer 2020\COMP 371 - Computer Graphics\Assignment 2 - 24 jul 2020\COMP-371-Project\Assignment-2\x64\Debug\glfw.pdb'; linking object as if no debug info
glfw3.lib(win32_window.obj) : warning LNK4099: PDB 'glfw.pdb' was not found with 'glfw3.lib(win32_window.obj)' or at 'C:\Users\Dan\Dropbox\Concordia\9 - Summer 2020\COMP 371 - Computer Graphics\Assignment 2 - 24 jul 2020\COMP-371-Project\Assignment-2\x64\Debug\glfw.pdb'; linking object as if no debug info
glfw3.lib(wgl_context.obj) : warning LNK4099: PDB 'glfw.pdb' was not found with 'glfw3.lib(wgl_context.obj)' or at 'C:\Users\Dan\Dropbox\Concordia\9 - Summer 2020\COMP 371 - Computer Graphics\Assignment 2 - 24 jul 2020\COMP-371-Project\Assignment-2\x64\Debug\glfw.pdb'; linking object as if no debug info
glfw3.lib(egl_context.obj) : warning LNK4099: PDB 'glfw.pdb' was not found with 'glfw3.lib(egl_context.obj)' or at 'C:\Users\Dan\Dropbox\Concordia\9 - Summer 2020\COMP 371 - Computer Graphics\Assignment 2 - 24 jul 2020\COMP-371-Project\Assignment-2\x64\Debug\glfw.pdb'; linking object as if no debug info
glfw3.lib(osmesa_context.obj) : warning LNK4099: PDB 'glfw.pdb' was not found with 'glfw3.lib(osmesa_context.obj)' or at 'C:\Users\Dan\Dropbox\Concordia\9 - Summer 2020\COMP 371 - Computer Graphics\Assignment 2 - 24 jul 2020\COMP-371-Project\Assignment-2\x64\Debug\glfw.pdb'; linking object as if no debug info
  Assignment 2.vcxproj -> C:\Users\Dan\Dropbox\Concordia\9 - Summer 2020\COMP 371 - Computer Graphics\Assignment 2 - 24 jul 2020\COMP-371-Project\Assignment-2\x64\Debug\Assignment 2.exe
