  main.cpp
C:\Users\umaid\Documents\Concordia\Summer 2020\COMP 371\COMP 371 - Project\Assignment-3\Assignment 3\Assignment 3\shader.h(64): warning C4101: 'e': unreferenced local variable
C:\Users\umaid\Documents\Concordia\Summer 2020\COMP 371\COMP 371 - Project\Assignment-3\Assignment 3\Assignment 3\camera.h(45): warning C4244: '-=': conversion from 'double' to 'float', possible loss of data
C:\Users\umaid\Documents\Concordia\Summer 2020\COMP 371\COMP 371 - Project\Assignment-3\Assignment 3\Assignment 3\camera.h(46): warning C4244: '-=': conversion from 'double' to 'float', possible loss of data
C:\Users\umaid\Documents\Concordia\Summer 2020\COMP 371\COMP 371 - Project\Assignment-3\Assignment 3\Assignment 3\main.cpp(558): warning C4244: 'initializing': conversion from 'double' to 'float', possible loss of data
C:\Users\umaid\Documents\Concordia\Summer 2020\COMP 371\COMP 371 - Project\Assignment-3\Assignment 3\Assignment 3\main.cpp(559): warning C4244: 'initializing': conversion from 'double' to 'float', possible loss of data
C:\Users\umaid\Documents\Concordia\Summer 2020\COMP 371\COMP 371 - Project\Assignment-3\Assignment 3\Assignment 3\main.cpp(562): warning C4244: 'argument': conversion from 'float' to 'int', possible loss of data
C:\Users\umaid\Documents\Concordia\Summer 2020\COMP 371\COMP 371 - Project\Assignment-3\Assignment 3\Assignment 3\main.cpp(565): warning C4244: 'argument': conversion from 'float' to 'int', possible loss of data
C:\Users\umaid\Documents\Concordia\Summer 2020\COMP 371\COMP 371 - Project\Assignment-3\Assignment 3\Assignment 3\main.cpp(577): warning C4244: 'initializing': conversion from 'double' to 'float', possible loss of data
C:\Users\umaid\Documents\Concordia\Summer 2020\COMP 371\COMP 371 - Project\Assignment-3\Assignment 3\Assignment 3\main.cpp(642): warning C4244: '=': conversion from 'double' to 'float', possible loss of data
C:\Users\umaid\Documents\Concordia\Summer 2020\COMP 371\COMP 371 - Project\Assignment-3\Assignment 3\Assignment 3\main.cpp(665): warning C4244: 'argument': conversion from 'float' to 'int', possible loss of data
C:\Users\umaid\Documents\Concordia\Summer 2020\COMP 371\COMP 371 - Project\Assignment-3\Assignment 3\Assignment 3\main.cpp(666): warning C4244: 'argument': conversion from 'float' to 'int', possible loss of data
C:\Users\umaid\Documents\Concordia\Summer 2020\COMP 371\COMP 371 - Project\Assignment-3\Assignment 3\Assignment 3\main.cpp(1187): warning C4244: '=': conversion from 'double' to 'int', possible loss of data
C:\Users\umaid\Documents\Concordia\Summer 2020\COMP 371\COMP 371 - Project\Assignment-3\Assignment 3\Assignment 3\main.cpp(1188): warning C4244: '=': conversion from 'double' to 'int', possible loss of data
C:\Users\umaid\Documents\Concordia\Summer 2020\COMP 371\COMP 371 - Project\Assignment-3\Assignment 3\Assignment 3\main.cpp(1189): warning C4244: '=': conversion from 'double' to 'int', possible loss of data
C:\Users\umaid\Documents\Concordia\Summer 2020\COMP 371\COMP 371 - Project\Assignment-3\Assignment 3\Assignment 3\main.cpp(1190): warning C4244: '=': conversion from 'double' to 'int', possible loss of data
C:\Users\umaid\Documents\Concordia\Summer 2020\COMP 371\COMP 371 - Project\Assignment-3\Assignment 3\Assignment 3\main.cpp(1191): warning C4244: '=': conversion from 'double' to 'int', possible loss of data
C:\Users\umaid\Documents\Concordia\Summer 2020\COMP 371\COMP 371 - Project\Assignment-3\Assignment 3\Assignment 3\main.cpp(1395): warning C4244: '-=': conversion from 'double' to 'float', possible loss of data
C:\Users\umaid\Documents\Concordia\Summer 2020\COMP 371\COMP 371 - Project\Assignment-3\Assignment 3\Assignment 3\main.cpp(1396): warning C4244: '-=': conversion from 'double' to 'float', possible loss of data
C:\Users\umaid\Documents\Concordia\Summer 2020\COMP 371\COMP 371 - Project\Assignment-3\Assignment 3\Assignment 3\main.cpp(1611): warning C4244: '=': conversion from 'double' to 'float', possible loss of data
C:\Users\umaid\Documents\Concordia\Summer 2020\COMP 371\COMP 371 - Project\Assignment-3\Assignment 3\Assignment 3\main.cpp(1621): warning C4244: '=': conversion from 'double' to 'float', possible loss of data
  Assignment 3.vcxproj -> C:\Users\umaid\Documents\Concordia\Summer 2020\COMP 371\COMP 371 - Project\Assignment-3\Assignment 3\x64\Debug\Assignment 3.exe
